<?xml version="1.0" encoding="UTF-8"?>
<testng-results ignored="0" total="1" passed="1" failed="0" skipped="0">
  <reporter-output>
  </reporter-output>
  <suite started-at="2022-12-30T16:52:54 GMT" name="InetBankingV1" finished-at="2022-12-30T16:53:23 GMT" duration-ms="28764">
    <groups>
    </groups>
    <test started-at="2022-12-30T16:52:54 GMT" name="BankingApp Test" finished-at="2022-12-30T16:53:23 GMT" duration-ms="28764">
      <class name="com.internetBanking.testCases.TC_AddCustomerTest_003">
        <test-method is-config="true" signature="setup(java.lang.String)[pri:0, instance:com.internetBanking.testCases.TC_AddCustomerTest_003@3e8c3cb]" started-at="2022-12-30T16:52:54 GMT" name="setup" finished-at="2022-12-30T16:52:58 GMT" duration-ms="3770" status="PASS">
          <params>
            <param index="0">
              <value>
                <![CDATA[chrome]]>
              </value>
            </param>
          </params>
          <reporter-output>
          </reporter-output>
        </test-method> <!-- setup -->
        <test-method signature="addNewCustomer()[pri:0, instance:com.internetBanking.testCases.TC_AddCustomerTest_003@3e8c3cb]" started-at="2022-12-30T16:52:58 GMT" name="addNewCustomer" finished-at="2022-12-30T16:53:22 GMT" duration-ms="24001" status="PASS">
          <reporter-output>
          </reporter-output>
        </test-method> <!-- addNewCustomer -->
        <test-method is-config="true" signature="teardown()[pri:0, instance:com.internetBanking.testCases.TC_AddCustomerTest_003@3e8c3cb]" started-at="2022-12-30T16:53:22 GMT" name="teardown" finished-at="2022-12-30T16:53:23 GMT" duration-ms="635" status="PASS">
          <reporter-output>
          </reporter-output>
        </test-method> <!-- teardown -->
      </class> <!-- com.internetBanking.testCases.TC_AddCustomerTest_003 -->
    </test> <!-- BankingApp Test -->
  </suite> <!-- InetBankingV1 -->
</testng-results>
