<?xml version="1.0" encoding="UTF-8"?>
<testng-results ignored="0" total="1" passed="1" failed="0" skipped="0">
  <reporter-output>
  </reporter-output>
  <suite started-at="2022-12-29T19:02:40 GMT" name="InetBankingV1" finished-at="2022-12-29T19:03:09 GMT" duration-ms="28424">
    <groups>
    </groups>
    <test started-at="2022-12-29T19:02:40 GMT" name="BankingApp Test" finished-at="2022-12-29T19:03:09 GMT" duration-ms="28424">
      <class name="com.internetBanking.testCases.TC_AddCustomerTest_003">
        <test-method is-config="true" signature="setup(java.lang.String)[pri:0, instance:com.internetBanking.testCases.TC_AddCustomerTest_003@183ec003]" started-at="2022-12-29T19:02:40 GMT" name="setup" finished-at="2022-12-29T19:02:43 GMT" duration-ms="2867" status="PASS">
          <params>
            <param index="0">
              <value>
                <![CDATA[edge]]>
              </value>
            </param>
          </params>
          <reporter-output>
          </reporter-output>
        </test-method> <!-- setup -->
        <test-method signature="addNewCustomer()[pri:0, instance:com.internetBanking.testCases.TC_AddCustomerTest_003@183ec003]" started-at="2022-12-29T19:02:43 GMT" name="addNewCustomer" finished-at="2022-12-29T19:03:08 GMT" duration-ms="24463" status="PASS">
          <reporter-output>
          </reporter-output>
        </test-method> <!-- addNewCustomer -->
        <test-method is-config="true" signature="teardown()[pri:0, instance:com.internetBanking.testCases.TC_AddCustomerTest_003@183ec003]" started-at="2022-12-29T19:03:08 GMT" name="teardown" finished-at="2022-12-29T19:03:09 GMT" duration-ms="749" status="PASS">
          <reporter-output>
          </reporter-output>
        </test-method> <!-- teardown -->
      </class> <!-- com.internetBanking.testCases.TC_AddCustomerTest_003 -->
    </test> <!-- BankingApp Test -->
  </suite> <!-- InetBankingV1 -->
</testng-results>
